{
  "stats": {
    "suites": 2,
    "tests": 12,
    "passes": 12,
    "pending": 0,
    "failures": 0,
    "start": "2023-09-08T20:38:48.775Z",
    "end": "2023-09-08T20:38:53.591Z",
    "duration": 4816,
    "testsRegistered": 12,
    "passPercent": 100,
    "pendingPercent": 0,
    "other": 0,
    "hasOther": false,
    "skipped": 0,
    "hasSkipped": false
  },
  "results": [
    {
      "uuid": "fe40affb-52d6-447b-9d09-7fd956bf3f74",
      "title": "",
      "fullFile": "",
      "file": "",
      "beforeHooks": [],
      "afterHooks": [],
      "tests": [],
      "suites": [
        {
          "uuid": "27d1016c-a254-4269-bbe1-7b66404c9ab4",
          "title": "Books Tests",
          "fullFile": "C:\\Users\\Owner\\Desktop\\Api-test\\super-api-test\\test\\books.js",
          "file": "\\test\\books.js",
          "beforeHooks": [
            {
              "title": "\"before all\" hook in \"Books Tests\"",
              "fullTitle": "Books Tests \"before all\" hook in \"Books Tests\"",
              "timedOut": false,
              "duration": 697,
              "state": null,
              "speed": null,
              "pass": false,
              "fail": false,
              "pending": false,
              "context": null,
              "code": "var self = this,\n  args = arguments;\nreturn new Promise(function (resolve, reject) {\n  var gen = fn.apply(self, args);\n  function _next(value) {\n    asyncGeneratorStep(gen, resolve, reject, _next, _throw, \"next\", value);\n  }\n  function _throw(err) {\n    asyncGeneratorStep(gen, resolve, reject, _next, _throw, \"throw\", err);\n  }\n  _next(undefined);\n});",
              "err": {},
              "uuid": "895ca378-3d29-4015-a52f-a449870e7e3c",
              "parentUUID": "27d1016c-a254-4269-bbe1-7b66404c9ab4",
              "isHook": true,
              "skipped": false
            },
            {
              "title": "\"before all\" hook in \"Books Tests\"",
              "fullTitle": "Books Tests \"before all\" hook in \"Books Tests\"",
              "timedOut": false,
              "duration": 134,
              "state": null,
              "speed": null,
              "pass": false,
              "fail": false,
              "pending": false,
              "context": null,
              "code": "var self = this,\n  args = arguments;\nreturn new Promise(function (resolve, reject) {\n  var gen = fn.apply(self, args);\n  function _next(value) {\n    asyncGeneratorStep(gen, resolve, reject, _next, _throw, \"next\", value);\n  }\n  function _throw(err) {\n    asyncGeneratorStep(gen, resolve, reject, _next, _throw, \"throw\", err);\n  }\n  _next(undefined);\n});",
              "err": {},
              "uuid": "03a628f5-04d9-457b-bb6c-a47a68fd8e5c",
              "parentUUID": "27d1016c-a254-4269-bbe1-7b66404c9ab4",
              "isHook": true,
              "skipped": false
            }
          ],
          "afterHooks": [],
          "tests": [
            {
              "title": "6",
              "fullTitle": "Books Tests 6",
              "timedOut": false,
              "duration": 135,
              "state": "passed",
              "speed": "slow",
              "pass": true,
              "fail": false,
              "pending": false,
              "context": null,
              "code": "request2.get('Book?ISBN=9781491904244').end(function (err, res) {\n  (0, _chai.expect)(res.body.pages).to.equal(278);\n  (0, _chai.expect)(res.statusCode).to.equal(200);\n  done();\n});",
              "err": {},
              "uuid": "9ab80227-8ac7-4a81-bd90-e58e0cdc269a",
              "parentUUID": "27d1016c-a254-4269-bbe1-7b66404c9ab4",
              "isHook": false,
              "skipped": false
            },
            {
              "title": "3",
              "fullTitle": "Books Tests 3",
              "timedOut": false,
              "duration": 340,
              "state": "passed",
              "speed": "slow",
              "pass": true,
              "fail": false,
              "pending": false,
              "context": null,
              "code": "var self = this,\n  args = arguments;\nreturn new Promise(function (resolve, reject) {\n  var gen = fn.apply(self, args);\n  function _next(value) {\n    asyncGeneratorStep(gen, resolve, reject, _next, _throw, \"next\", value);\n  }\n  function _throw(err) {\n    asyncGeneratorStep(gen, resolve, reject, _next, _throw, \"throw\", err);\n  }\n  _next(undefined);\n});",
              "err": {},
              "uuid": "7f9c6122-0a46-4b4b-a425-6d721ecb78a5",
              "parentUUID": "27d1016c-a254-4269-bbe1-7b66404c9ab4",
              "isHook": false,
              "skipped": false
            },
            {
              "title": "4",
              "fullTitle": "Books Tests 4",
              "timedOut": false,
              "duration": 164,
              "state": "passed",
              "speed": "slow",
              "pass": true,
              "fail": false,
              "pending": false,
              "context": null,
              "code": "var self = this,\n  args = arguments;\nreturn new Promise(function (resolve, reject) {\n  var gen = fn.apply(self, args);\n  function _next(value) {\n    asyncGeneratorStep(gen, resolve, reject, _next, _throw, \"next\", value);\n  }\n  function _throw(err) {\n    asyncGeneratorStep(gen, resolve, reject, _next, _throw, \"throw\", err);\n  }\n  _next(undefined);\n});",
              "err": {},
              "uuid": "e73c0186-9493-4f7d-9a49-fa9eebc22cc3",
              "parentUUID": "27d1016c-a254-4269-bbe1-7b66404c9ab4",
              "isHook": false,
              "skipped": false
            },
            {
              "title": "5",
              "fullTitle": "Books Tests 5",
              "timedOut": false,
              "duration": 425,
              "state": "passed",
              "speed": "slow",
              "pass": true,
              "fail": false,
              "pending": false,
              "context": null,
              "code": "var self = this,\n  args = arguments;\nreturn new Promise(function (resolve, reject) {\n  var gen = fn.apply(self, args);\n  function _next(value) {\n    asyncGeneratorStep(gen, resolve, reject, _next, _throw, \"next\", value);\n  }\n  function _throw(err) {\n    asyncGeneratorStep(gen, resolve, reject, _next, _throw, \"throw\", err);\n  }\n  _next(undefined);\n});",
              "err": {},
              "uuid": "314767da-03e4-4821-b631-f984465518e9",
              "parentUUID": "27d1016c-a254-4269-bbe1-7b66404c9ab4",
              "isHook": false,
              "skipped": false
            },
            {
              "title": "7",
              "fullTitle": "Books Tests 7",
              "timedOut": false,
              "duration": 431,
              "state": "passed",
              "speed": "slow",
              "pass": true,
              "fail": false,
              "pending": false,
              "context": null,
              "code": "var self = this,\n  args = arguments;\nreturn new Promise(function (resolve, reject) {\n  var gen = fn.apply(self, args);\n  function _next(value) {\n    asyncGeneratorStep(gen, resolve, reject, _next, _throw, \"next\", value);\n  }\n  function _throw(err) {\n    asyncGeneratorStep(gen, resolve, reject, _next, _throw, \"throw\", err);\n  }\n  _next(undefined);\n});",
              "err": {},
              "uuid": "bf009c9a-9885-4b69-8ead-b3b216106694",
              "parentUUID": "27d1016c-a254-4269-bbe1-7b66404c9ab4",
              "isHook": false,
              "skipped": false
            },
            {
              "title": "8",
              "fullTitle": "Books Tests 8",
              "timedOut": false,
              "duration": 251,
              "state": "passed",
              "speed": "slow",
              "pass": true,
              "fail": false,
              "pending": false,
              "context": null,
              "code": "var self = this,\n  args = arguments;\nreturn new Promise(function (resolve, reject) {\n  var gen = fn.apply(self, args);\n  function _next(value) {\n    asyncGeneratorStep(gen, resolve, reject, _next, _throw, \"next\", value);\n  }\n  function _throw(err) {\n    asyncGeneratorStep(gen, resolve, reject, _next, _throw, \"throw\", err);\n  }\n  _next(undefined);\n});",
              "err": {},
              "uuid": "126e8bf2-2b5f-4339-9418-4208aa905d03",
              "parentUUID": "27d1016c-a254-4269-bbe1-7b66404c9ab4",
              "isHook": false,
              "skipped": false
            }
          ],
          "suites": [],
          "passes": [
            "9ab80227-8ac7-4a81-bd90-e58e0cdc269a",
            "7f9c6122-0a46-4b4b-a425-6d721ecb78a5",
            "e73c0186-9493-4f7d-9a49-fa9eebc22cc3",
            "314767da-03e4-4821-b631-f984465518e9",
            "bf009c9a-9885-4b69-8ead-b3b216106694",
            "126e8bf2-2b5f-4339-9418-4208aa905d03"
          ],
          "failures": [],
          "pending": [],
          "skipped": [],
          "duration": 1746,
          "root": false,
          "rootEmpty": false,
          "_timeout": 15000
        },
        {
          "uuid": "8d054ca3-c2f9-45b0-bccb-afc657d75234",
          "title": "UsersValidation",
          "fullFile": "C:\\Users\\Owner\\Desktop\\Api-test\\super-api-test\\test\\users.js",
          "file": "\\test\\users.js",
          "beforeHooks": [
            {
              "title": "\"before all\" hook in \"UsersValidation\"",
              "fullTitle": "UsersValidation \"before all\" hook in \"UsersValidation\"",
              "timedOut": false,
              "duration": 612,
              "state": null,
              "speed": null,
              "pass": false,
              "fail": false,
              "pending": false,
              "context": null,
              "code": "var self = this,\n  args = arguments;\nreturn new Promise(function (resolve, reject) {\n  var gen = fn.apply(self, args);\n  function _next(value) {\n    asyncGeneratorStep(gen, resolve, reject, _next, _throw, \"next\", value);\n  }\n  function _throw(err) {\n    asyncGeneratorStep(gen, resolve, reject, _next, _throw, \"throw\", err);\n  }\n  _next(undefined);\n});",
              "err": {},
              "uuid": "e8fbeebc-8a85-4329-ba28-c4a2c929f4c6",
              "parentUUID": "8d054ca3-c2f9-45b0-bccb-afc657d75234",
              "isHook": true,
              "skipped": false
            }
          ],
          "afterHooks": [],
          "tests": [
            {
              "title": "UserName or Password not empty",
              "fullTitle": "UsersValidation UserName or Password not empty",
              "timedOut": false,
              "duration": 289,
              "state": "passed",
              "speed": "slow",
              "pass": true,
              "fail": false,
              "pending": false,
              "context": null,
              "code": "_common[\"default\"].post('/User').send({\n  \"userName\": \"\",\n  \"password\": \"\"\n}).end(function (err, res) {\n  (0, _chai.expect)(res.body.message).to.equal(\"UserName and Password required.\");\n  (0, _chai.expect)(res.status).to.equal(400);\n  console.log(res);\n  done();\n});",
              "err": {},
              "uuid": "f106b217-c703-4e1f-a69d-c8e1979c14bc",
              "parentUUID": "8d054ca3-c2f9-45b0-bccb-afc657d75234",
              "isHook": false,
              "skipped": false
            },
            {
              "title": "Password_validation",
              "fullTitle": "UsersValidation Password_validation",
              "timedOut": false,
              "duration": 135,
              "state": "passed",
              "speed": "slow",
              "pass": true,
              "fail": false,
              "pending": false,
              "context": null,
              "code": "_common[\"default\"].post('/User').send({\n  \"userName\": \"Marin\",\n  \"password\": \"Pkml12g5\"\n}).end(function (err, res) {\n  (0, _chai.expect)(res.body.message).to.equal(\"Passwords must have at least one non alphanumeric character, one digit ('0'-'9'), one uppercase ('A'-'Z'), one lowercase ('a'-'z'), one special character and Password must be eight characters or longer.\");\n  (0, _chai.expect)(res.status).to.equal(400);\n  done();\n});",
              "err": {},
              "uuid": "172cef58-1d46-4124-9d21-b218fc1b807e",
              "parentUUID": "8d054ca3-c2f9-45b0-bccb-afc657d75234",
              "isHook": false,
              "skipped": false
            },
            {
              "title": "Password_Empty",
              "fullTitle": "UsersValidation Password_Empty",
              "timedOut": false,
              "duration": 230,
              "state": "passed",
              "speed": "slow",
              "pass": true,
              "fail": false,
              "pending": false,
              "context": null,
              "code": "_common[\"default\"].post('/User').send({\n  \"userName\": \"Marin Dimitrov\",\n  \"password\": \"\"\n}).end(function (err, res) {\n  (0, _chai.expect)(res.body.message).to.equal(\"UserName and Password required.\");\n  (0, _chai.expect)(res.status).to.equal(400);\n  console.log(res);\n  done();\n});",
              "err": {},
              "uuid": "d0cb4143-73cd-48f5-8aca-fd3abc290ce9",
              "parentUUID": "8d054ca3-c2f9-45b0-bccb-afc657d75234",
              "isHook": false,
              "skipped": false
            },
            {
              "title": "UserName_Empty",
              "fullTitle": "UsersValidation UserName_Empty",
              "timedOut": false,
              "duration": 245,
              "state": "passed",
              "speed": "slow",
              "pass": true,
              "fail": false,
              "pending": false,
              "context": null,
              "code": "_common[\"default\"].post('/User').send({\n  \"userName\": \"Marin Dimitrov\",\n  \"password\": \"\"\n}).end(function (err, res) {\n  (0, _chai.expect)(res.body.message).to.equal(\"UserName and Password required.\");\n  (0, _chai.expect)(res.status).to.equal(400);\n  console.log(res);\n  done();\n});",
              "err": {},
              "uuid": "ad629644-ade0-4979-9a0b-416d373e3b33",
              "parentUUID": "8d054ca3-c2f9-45b0-bccb-afc657d75234",
              "isHook": false,
              "skipped": false
            },
            {
              "title": "User Already exists",
              "fullTitle": "UsersValidation User Already exists",
              "timedOut": false,
              "duration": 524,
              "state": "passed",
              "speed": "slow",
              "pass": true,
              "fail": false,
              "pending": false,
              "context": null,
              "code": "_common[\"default\"].post('/User').send({\n  \"userName\": \"Marin\",\n  \"password\": \"Pkml12g5!\"\n}).end(function () {\n  _common[\"default\"].post('/User').send({\n    \"userName\": \"Marin\",\n    \"password\": \"Pkml12g5!\"\n  }).end(function (err, res) {\n    (0, _chai.expect)(res.body.message).to.equal(\"User exists!\");\n    console.log(res.body.message);\n    console.log(token);\n    console.log(\"-------------------------\");\n    console.log(userId);\n    done();\n  });\n});",
              "err": {},
              "uuid": "12faa496-0179-4173-a463-02e4df2a82c6",
              "parentUUID": "8d054ca3-c2f9-45b0-bccb-afc657d75234",
              "isHook": false,
              "skipped": false
            },
            {
              "title": "User_CreatedSuccessfully",
              "fullTitle": "UsersValidation User_CreatedSuccessfully",
              "timedOut": false,
              "duration": 177,
              "state": "passed",
              "speed": "slow",
              "pass": true,
              "fail": false,
              "pending": false,
              "context": null,
              "code": "_common[\"default\"].get(\"/User/\".concat(userId)).set('Authorization', \"Bearer \".concat(token)).end(function (err, res) {\n  (0, _chai.expect)(res.body.userId).to.equal(userId);\n  (0, _chai.expect)(res.statusCode).to.equal(200);\n  done();\n});",
              "err": {},
              "uuid": "93703562-f500-4a11-bf46-81331c8f6eee",
              "parentUUID": "8d054ca3-c2f9-45b0-bccb-afc657d75234",
              "isHook": false,
              "skipped": false
            }
          ],
          "suites": [],
          "passes": [
            "f106b217-c703-4e1f-a69d-c8e1979c14bc",
            "172cef58-1d46-4124-9d21-b218fc1b807e",
            "d0cb4143-73cd-48f5-8aca-fd3abc290ce9",
            "ad629644-ade0-4979-9a0b-416d373e3b33",
            "12faa496-0179-4173-a463-02e4df2a82c6",
            "93703562-f500-4a11-bf46-81331c8f6eee"
          ],
          "failures": [],
          "pending": [],
          "skipped": [],
          "duration": 1600,
          "root": false,
          "rootEmpty": false,
          "_timeout": 15000
        }
      ],
      "passes": [],
      "failures": [],
      "pending": [],
      "skipped": [],
      "duration": 0,
      "root": true,
      "rootEmpty": true,
      "_timeout": 15000
    }
  ],
  "meta": {
    "mocha": {
      "version": "10.2.0"
    },
    "mochawesome": {
      "options": {
        "quiet": false,
        "reportFilename": "mochawesome",
        "saveHtml": true,
        "saveJson": true,
        "consoleReporter": "spec",
        "useInlineDiffs": false,
        "code": true
      },
      "version": "7.1.3"
    },
    "marge": {
      "options": null,
      "version": "6.2.0"
    }
  }
}