{
  "stats": {
    "suites": 2,
    "tests": 12,
    "passes": 12,
    "pending": 0,
    "failures": 0,
    "start": "2023-09-11T10:30:03.370Z",
    "end": "2023-09-11T10:30:11.804Z",
    "duration": 8434,
    "testsRegistered": 12,
    "passPercent": 100,
    "pendingPercent": 0,
    "other": 0,
    "hasOther": false,
    "skipped": 0,
    "hasSkipped": false
  },
  "results": [
    {
      "uuid": "57482bd9-f897-45e8-9e65-293c5f8aaced",
      "title": "",
      "fullFile": "",
      "file": "",
      "beforeHooks": [],
      "afterHooks": [],
      "tests": [],
      "suites": [
        {
          "uuid": "68eb0449-7e80-44d0-afe0-c803d1a5f2c5",
          "title": "Books Tests",
          "fullFile": "C:\\Users\\Owner\\source\\repos\\BookStoreApiTests\\test\\books.js",
          "file": "\\test\\books.js",
          "beforeHooks": [
            {
              "title": "\"before all\" hook in \"Books Tests\"",
              "fullTitle": "Books Tests \"before all\" hook in \"Books Tests\"",
              "timedOut": false,
              "duration": 1254,
              "state": null,
              "speed": null,
              "pass": false,
              "fail": false,
              "pending": false,
              "context": null,
              "code": "var self = this,\n  args = arguments;\nreturn new Promise(function (resolve, reject) {\n  var gen = fn.apply(self, args);\n  function _next(value) {\n    asyncGeneratorStep(gen, resolve, reject, _next, _throw, \"next\", value);\n  }\n  function _throw(err) {\n    asyncGeneratorStep(gen, resolve, reject, _next, _throw, \"throw\", err);\n  }\n  _next(undefined);\n});",
              "err": {},
              "uuid": "5255fe2a-22d7-4a57-891d-bf1dd797e623",
              "parentUUID": "68eb0449-7e80-44d0-afe0-c803d1a5f2c5",
              "isHook": true,
              "skipped": false
            },
            {
              "title": "\"before all\" hook in \"Books Tests\"",
              "fullTitle": "Books Tests \"before all\" hook in \"Books Tests\"",
              "timedOut": false,
              "duration": 319,
              "state": null,
              "speed": null,
              "pass": false,
              "fail": false,
              "pending": false,
              "context": null,
              "code": "var self = this,\n  args = arguments;\nreturn new Promise(function (resolve, reject) {\n  var gen = fn.apply(self, args);\n  function _next(value) {\n    asyncGeneratorStep(gen, resolve, reject, _next, _throw, \"next\", value);\n  }\n  function _throw(err) {\n    asyncGeneratorStep(gen, resolve, reject, _next, _throw, \"throw\", err);\n  }\n  _next(undefined);\n});",
              "err": {},
              "uuid": "4078d261-a402-4bb7-8919-dc11c1701dd5",
              "parentUUID": "68eb0449-7e80-44d0-afe0-c803d1a5f2c5",
              "isHook": true,
              "skipped": false
            }
          ],
          "afterHooks": [],
          "tests": [
            {
              "title": "6.Validate that the book with a number 9781491904244 has 278 pages.",
              "fullTitle": "Books Tests 6.Validate that the book with a number 9781491904244 has 278 pages.",
              "timedOut": false,
              "duration": 293,
              "state": "passed",
              "speed": "slow",
              "pass": true,
              "fail": false,
              "pending": false,
              "context": null,
              "code": "request2.get('Book?ISBN=9781491904244').end(function (err, res) {\n  (0, _chai.expect)(res.body.pages).to.equal(278);\n  (0, _chai.expect)(res.statusCode).to.equal(200);\n  done();\n});",
              "err": {},
              "uuid": "aa6fd93f-8723-4e38-a01d-0a3c8b487fc3",
              "parentUUID": "68eb0449-7e80-44d0-afe0-c803d1a5f2c5",
              "isHook": false,
              "skipped": false
            },
            {
              "title": "3.Adding a book to the list of prefered ones.",
              "fullTitle": "Books Tests 3.Adding a book to the list of prefered ones.",
              "timedOut": false,
              "duration": 647,
              "state": "passed",
              "speed": "slow",
              "pass": true,
              "fail": false,
              "pending": false,
              "context": null,
              "code": "var self = this,\n  args = arguments;\nreturn new Promise(function (resolve, reject) {\n  var gen = fn.apply(self, args);\n  function _next(value) {\n    asyncGeneratorStep(gen, resolve, reject, _next, _throw, \"next\", value);\n  }\n  function _throw(err) {\n    asyncGeneratorStep(gen, resolve, reject, _next, _throw, \"throw\", err);\n  }\n  _next(undefined);\n});",
              "err": {},
              "uuid": "264ede4b-af54-4595-9794-497cfd056ce7",
              "parentUUID": "68eb0449-7e80-44d0-afe0-c803d1a5f2c5",
              "isHook": false,
              "skipped": false
            },
            {
              "title": "4.Add book with unexisting isbn to the preferred list of books.",
              "fullTitle": "Books Tests 4.Add book with unexisting isbn to the preferred list of books.",
              "timedOut": false,
              "duration": 328,
              "state": "passed",
              "speed": "slow",
              "pass": true,
              "fail": false,
              "pending": false,
              "context": null,
              "code": "var self = this,\n  args = arguments;\nreturn new Promise(function (resolve, reject) {\n  var gen = fn.apply(self, args);\n  function _next(value) {\n    asyncGeneratorStep(gen, resolve, reject, _next, _throw, \"next\", value);\n  }\n  function _throw(err) {\n    asyncGeneratorStep(gen, resolve, reject, _next, _throw, \"throw\", err);\n  }\n  _next(undefined);\n});",
              "err": {},
              "uuid": "1fb3cee9-069a-40bc-9cc5-6bd6d1d4e42e",
              "parentUUID": "68eb0449-7e80-44d0-afe0-c803d1a5f2c5",
              "isHook": false,
              "skipped": false
            },
            {
              "title": "5. From all books, choose another book to replace the first in the list of preferred books ",
              "fullTitle": "Books Tests 5. From all books, choose another book to replace the first in the list of preferred books ",
              "timedOut": false,
              "duration": 776,
              "state": "passed",
              "speed": "slow",
              "pass": true,
              "fail": false,
              "pending": false,
              "context": null,
              "code": "var self = this,\n  args = arguments;\nreturn new Promise(function (resolve, reject) {\n  var gen = fn.apply(self, args);\n  function _next(value) {\n    asyncGeneratorStep(gen, resolve, reject, _next, _throw, \"next\", value);\n  }\n  function _throw(err) {\n    asyncGeneratorStep(gen, resolve, reject, _next, _throw, \"throw\", err);\n  }\n  _next(undefined);\n});",
              "err": {},
              "uuid": "43cd8046-eecf-45b3-8012-1f2ef24023a0",
              "parentUUID": "68eb0449-7e80-44d0-afe0-c803d1a5f2c5",
              "isHook": false,
              "skipped": false
            },
            {
              "title": "7.Remove a book from the preferred  collection.",
              "fullTitle": "Books Tests 7.Remove a book from the preferred  collection.",
              "timedOut": false,
              "duration": 889,
              "state": "passed",
              "speed": "slow",
              "pass": true,
              "fail": false,
              "pending": false,
              "context": null,
              "code": "var self = this,\n  args = arguments;\nreturn new Promise(function (resolve, reject) {\n  var gen = fn.apply(self, args);\n  function _next(value) {\n    asyncGeneratorStep(gen, resolve, reject, _next, _throw, \"next\", value);\n  }\n  function _throw(err) {\n    asyncGeneratorStep(gen, resolve, reject, _next, _throw, \"throw\", err);\n  }\n  _next(undefined);\n});",
              "err": {},
              "uuid": "9d7b3242-a5d0-4fc6-bda3-caf5658cbb06",
              "parentUUID": "68eb0449-7e80-44d0-afe0-c803d1a5f2c5",
              "isHook": false,
              "skipped": false
            },
            {
              "title": "8.Remove Book  that is not previously added in the preferred collection.",
              "fullTitle": "Books Tests 8.Remove Book  that is not previously added in the preferred collection.",
              "timedOut": false,
              "duration": 424,
              "state": "passed",
              "speed": "slow",
              "pass": true,
              "fail": false,
              "pending": false,
              "context": null,
              "code": "var self = this,\n  args = arguments;\nreturn new Promise(function (resolve, reject) {\n  var gen = fn.apply(self, args);\n  function _next(value) {\n    asyncGeneratorStep(gen, resolve, reject, _next, _throw, \"next\", value);\n  }\n  function _throw(err) {\n    asyncGeneratorStep(gen, resolve, reject, _next, _throw, \"throw\", err);\n  }\n  _next(undefined);\n});",
              "err": {},
              "uuid": "c0469715-f69c-4a9e-9615-ee683949da2c",
              "parentUUID": "68eb0449-7e80-44d0-afe0-c803d1a5f2c5",
              "isHook": false,
              "skipped": false
            }
          ],
          "suites": [],
          "passes": [
            "aa6fd93f-8723-4e38-a01d-0a3c8b487fc3",
            "264ede4b-af54-4595-9794-497cfd056ce7",
            "1fb3cee9-069a-40bc-9cc5-6bd6d1d4e42e",
            "43cd8046-eecf-45b3-8012-1f2ef24023a0",
            "9d7b3242-a5d0-4fc6-bda3-caf5658cbb06",
            "c0469715-f69c-4a9e-9615-ee683949da2c"
          ],
          "failures": [],
          "pending": [],
          "skipped": [],
          "duration": 3357,
          "root": false,
          "rootEmpty": false,
          "_timeout": 5000
        },
        {
          "uuid": "8468ae29-dfbc-4738-96b6-bda92df4e789",
          "title": "UsersValidation",
          "fullFile": "C:\\Users\\Owner\\source\\repos\\BookStoreApiTests\\test\\users.js",
          "file": "\\test\\users.js",
          "beforeHooks": [
            {
              "title": "\"before all\" hook in \"UsersValidation\"",
              "fullTitle": "UsersValidation \"before all\" hook in \"UsersValidation\"",
              "timedOut": false,
              "duration": 1030,
              "state": null,
              "speed": null,
              "pass": false,
              "fail": false,
              "pending": false,
              "context": null,
              "code": "var self = this,\n  args = arguments;\nreturn new Promise(function (resolve, reject) {\n  var gen = fn.apply(self, args);\n  function _next(value) {\n    asyncGeneratorStep(gen, resolve, reject, _next, _throw, \"next\", value);\n  }\n  function _throw(err) {\n    asyncGeneratorStep(gen, resolve, reject, _next, _throw, \"throw\", err);\n  }\n  _next(undefined);\n});",
              "err": {},
              "uuid": "9d6867cd-9ab5-46c2-951a-b72709d08a69",
              "parentUUID": "8468ae29-dfbc-4738-96b6-bda92df4e789",
              "isHook": true,
              "skipped": false
            }
          ],
          "afterHooks": [],
          "tests": [
            {
              "title": "UserName or Password not empty",
              "fullTitle": "UsersValidation UserName or Password not empty",
              "timedOut": false,
              "duration": 283,
              "state": "passed",
              "speed": "slow",
              "pass": true,
              "fail": false,
              "pending": false,
              "context": null,
              "code": "_common[\"default\"].post('/User').send({\n  \"userName\": \"\",\n  \"password\": \"\"\n}).end(function (err, res) {\n  (0, _chai.expect)(res.body.message).to.equal(\"UserName and Password required.\");\n  (0, _chai.expect)(res.status).to.equal(400);\n  done();\n});",
              "err": {},
              "uuid": "406c37ad-36b2-4c7f-93a7-5228855cd9fa",
              "parentUUID": "8468ae29-dfbc-4738-96b6-bda92df4e789",
              "isHook": false,
              "skipped": false
            },
            {
              "title": "Password_validation",
              "fullTitle": "UsersValidation Password_validation",
              "timedOut": false,
              "duration": 288,
              "state": "passed",
              "speed": "slow",
              "pass": true,
              "fail": false,
              "pending": false,
              "context": null,
              "code": "_common[\"default\"].post('/User').send({\n  \"userName\": \"Marin\",\n  \"password\": \"Pkml12g5\"\n}).end(function (err, res) {\n  (0, _chai.expect)(res.body.message).to.equal(\"Passwords must have at least one non alphanumeric character, one digit ('0'-'9'), one uppercase ('A'-'Z'), one lowercase ('a'-'z'), one special character and Password must be eight characters or longer.\");\n  (0, _chai.expect)(res.status).to.equal(400);\n  done();\n});",
              "err": {},
              "uuid": "f13bb6ea-926e-4a1a-9415-95b06ddd5f23",
              "parentUUID": "8468ae29-dfbc-4738-96b6-bda92df4e789",
              "isHook": false,
              "skipped": false
            },
            {
              "title": "Password_Empty",
              "fullTitle": "UsersValidation Password_Empty",
              "timedOut": false,
              "duration": 287,
              "state": "passed",
              "speed": "slow",
              "pass": true,
              "fail": false,
              "pending": false,
              "context": null,
              "code": "_common[\"default\"].post('/User').send({\n  \"userName\": \"Marin Dimitrov\",\n  \"password\": \"\"\n}).end(function (err, res) {\n  (0, _chai.expect)(res.body.message).to.equal(\"UserName and Password required.\");\n  (0, _chai.expect)(res.status).to.equal(400);\n  done();\n});",
              "err": {},
              "uuid": "56c4a01c-a0f0-47d2-96f8-332ba260868a",
              "parentUUID": "8468ae29-dfbc-4738-96b6-bda92df4e789",
              "isHook": false,
              "skipped": false
            },
            {
              "title": "UserName_Empty",
              "fullTitle": "UsersValidation UserName_Empty",
              "timedOut": false,
              "duration": 357,
              "state": "passed",
              "speed": "slow",
              "pass": true,
              "fail": false,
              "pending": false,
              "context": null,
              "code": "_common[\"default\"].post('/User').send({\n  \"userName\": \"Marin Dimitrov\",\n  \"password\": \"\"\n}).end(function (err, res) {\n  (0, _chai.expect)(res.body.message).to.equal(\"UserName and Password required.\");\n  (0, _chai.expect)(res.status).to.equal(400);\n  done();\n});",
              "err": {},
              "uuid": "d51ae080-3ae7-4489-9123-65b7f2baa0de",
              "parentUUID": "8468ae29-dfbc-4738-96b6-bda92df4e789",
              "isHook": false,
              "skipped": false
            },
            {
              "title": "User Already exists",
              "fullTitle": "UsersValidation User Already exists",
              "timedOut": false,
              "duration": 898,
              "state": "passed",
              "speed": "slow",
              "pass": true,
              "fail": false,
              "pending": false,
              "context": null,
              "code": "_common[\"default\"].post('/User').send({\n  \"userName\": \"Marin\",\n  \"password\": \"Pkml12g5!\"\n}).end(function () {\n  _common[\"default\"].post('/User').send({\n    \"userName\": \"Marin\",\n    \"password\": \"Pkml12g5!\"\n  }).end(function (err, res) {\n    (0, _chai.expect)(res.body.message).to.equal(\"User exists!\");\n    done();\n  });\n});",
              "err": {},
              "uuid": "b561b5a0-22a0-4cf8-bdd9-41be829a42e1",
              "parentUUID": "8468ae29-dfbc-4738-96b6-bda92df4e789",
              "isHook": false,
              "skipped": false
            },
            {
              "title": "2.User_CreatedSuccessfully",
              "fullTitle": "UsersValidation 2.User_CreatedSuccessfully",
              "timedOut": false,
              "duration": 334,
              "state": "passed",
              "speed": "slow",
              "pass": true,
              "fail": false,
              "pending": false,
              "context": null,
              "code": "_common[\"default\"].get(\"/User/\".concat(userId)).set('Authorization', \"Bearer \".concat(token)).end(function (err, res) {\n  (0, _chai.expect)(res.body.userId).to.equal(userId);\n  (0, _chai.expect)(res.statusCode).to.equal(200);\n  done();\n});",
              "err": {},
              "uuid": "ad540d25-41f6-4fc4-a64d-b6269fcd5f50",
              "parentUUID": "8468ae29-dfbc-4738-96b6-bda92df4e789",
              "isHook": false,
              "skipped": false
            }
          ],
          "suites": [],
          "passes": [
            "406c37ad-36b2-4c7f-93a7-5228855cd9fa",
            "f13bb6ea-926e-4a1a-9415-95b06ddd5f23",
            "56c4a01c-a0f0-47d2-96f8-332ba260868a",
            "d51ae080-3ae7-4489-9123-65b7f2baa0de",
            "b561b5a0-22a0-4cf8-bdd9-41be829a42e1",
            "ad540d25-41f6-4fc4-a64d-b6269fcd5f50"
          ],
          "failures": [],
          "pending": [],
          "skipped": [],
          "duration": 2447,
          "root": false,
          "rootEmpty": false,
          "_timeout": 5000
        }
      ],
      "passes": [],
      "failures": [],
      "pending": [],
      "skipped": [],
      "duration": 0,
      "root": true,
      "rootEmpty": true,
      "_timeout": 5000
    }
  ],
  "meta": {
    "mocha": {
      "version": "10.2.0"
    },
    "mochawesome": {
      "options": {
        "quiet": false,
        "reportFilename": "mochawesome",
        "saveHtml": true,
        "saveJson": true,
        "consoleReporter": "spec",
        "useInlineDiffs": false,
        "code": true
      },
      "version": "7.1.3"
    },
    "marge": {
      "options": null,
      "version": "6.2.0"
    }
  }
}